# JRE version: Java(TM) SE Runtime Environment (8.0_74-b02) (build 1.8.0_74-b02)
# Java VM: Java HotSpot(TM) 64-Bit Server VM (25.74-b02 mixed mode linux-amd64 compressed oops)
Heap:
 PSYoungGen      total 316416K, used 126475K [0x00000000d6f80000, 0x00000000f8380000, 0x0000000100000000)
  eden space 92672K, 0% used [0x00000000d6f80000,0x00000000d6f80000,0x00000000dca00000)
  from space 223744K, 56% used [0x00000000ea480000,0x00000000f2002c60,0x00000000f7f00000)
  to   space 223744K, 0% used [0x00000000dca00000,0x00000000dca00000,0x00000000ea480000)
 ParOldGen       total 750592K, used 750138K [0x0000000084e00000, 0x00000000b2b00000, 0x00000000d6f80000)
  object space 750592K, 99% used [0x0000000084e00000,0x00000000b2a8eac0,0x00000000b2b00000)
 Metaspace       used 12504K, capacity 12740K, committed 12928K, reserved 1060864K
  class space    used 1505K, capacity 1577K, committed 1664K, reserved 1048576K
GC Heap History (10 events):
Event: 27.519 GC heap after
Heap after GC invocations=10 (full 4):
 PSYoungGen      total 207872K, used 55753K [0x00000000d6f80000, 0x00000000f2380000, 0x0000000100000000)
  eden space 96256K, 0% used [0x00000000d6f80000,0x00000000d6f80000,0x00000000dcd80000)
  from space 111616K, 49% used [0x00000000e5900000,0x00000000e8f72600,0x00000000ec600000)
  to   space 142848K, 0% used [0x00000000dcd80000,0x00000000dcd80000,0x00000000e5900000)
 ParOldGen       total 750592K, used 488064K [0x0000000084e00000, 0x00000000b2b00000, 0x00000000d6f80000)
  object space 750592K, 65% used [0x0000000084e00000,0x00000000a2aa0140,0x00000000b2b00000)
 Metaspace       used 12504K, capacity 12740K, committed 12928K, reserved 1060864K
  class space    used 1505K, capacity 1577K, committed 1664K, reserved 1048576K
}
Event: 27.765 GC heap before
{Heap before GC invocations=11 (full 4):
 PSYoungGen      total 207872K, used 152009K [0x00000000d6f80000, 0x00000000f2380000, 0x0000000100000000)
  eden space 96256K, 100% used [0x00000000d6f80000,0x00000000dcd80000,0x00000000dcd80000)
  from space 111616K, 49% used [0x00000000e5900000,0x00000000e8f72600,0x00000000ec600000)
  to   space 142848K, 0% used [0x00000000dcd80000,0x00000000dcd80000,0x00000000e5900000)
 ParOldGen       total 750592K, used 488064K [0x0000000084e00000, 0x00000000b2b00000, 0x00000000d6f80000)
  object space 750592K, 65% used [0x0000000084e00000,0x00000000a2aa0140,0x00000000b2b00000)
 Metaspace       used 12504K, capacity 12740K, committed 12928K, reserved 1060864K
  class space    used 1505K, capacity 1577K, committed 1664K, reserved 1048576K
Event: 29.216 GC heap after
Heap after GC invocations=11 (full 4):
 PSYoungGen      total 239104K, used 142848K [0x00000000d6f80000, 0x00000000f3980000, 0x0000000100000000)
  eden space 96256K, 0% used [0x00000000d6f80000,0x00000000d6f80000,0x00000000dcd80000)
  from space 142848K, 100% used [0x00000000dcd80000,0x00000000e5900000,0x00000000e5900000)
  to   space 175104K, 0% used [0x00000000e8e80000,0x00000000e8e80000,0x00000000f3980000)
 ParOldGen       total 750592K, used 497432K [0x0000000084e00000, 0x00000000b2b00000, 0x00000000d6f80000)
  object space 750592K, 66% used [0x0000000084e00000,0x00000000a33c6140,0x00000000b2b00000)
 Metaspace       used 12504K, capacity 12740K, committed 12928K, reserved 1060864K
  class space    used 1505K, capacity 1577K, committed 1664K, reserved 1048576K
}
Event: 29.475 GC heap before
{Heap before GC invocations=12 (full 4):
 PSYoungGen      total 239104K, used 239104K [0x00000000d6f80000, 0x00000000f3980000, 0x0000000100000000)
  eden space 96256K, 100% used [0x00000000d6f80000,0x00000000dcd80000,0x00000000dcd80000)
  from space 142848K, 100% used [0x00000000dcd80000,0x00000000e5900000,0x00000000e5900000)
  to   space 175104K, 0% used [0x00000000e8e80000,0x00000000e8e80000,0x00000000f3980000)
 ParOldGen       total 750592K, used 497432K [0x0000000084e00000, 0x00000000b2b00000, 0x00000000d6f80000)
  object space 750592K, 66% used [0x0000000084e00000,0x00000000a33c6140,0x00000000b2b00000)
 Metaspace       used 12504K, capacity 12740K, committed 12928K, reserved 1060864K
  class space    used 1505K, capacity 1577K, committed 1664K, reserved 1048576K
Event: 31.510 GC heap after
Heap after GC invocations=12 (full 4):
 PSYoungGen      total 245248K, used 175104K [0x00000000d6f80000, 0x00000000fa780000, 0x0000000100000000)
  eden space 70144K, 0% used [0x00000000d6f80000,0x00000000d6f80000,0x00000000db400000)
  from space 175104K, 100% used [0x00000000e8e80000,0x00000000f3980000,0x00000000f3980000)
  to   space 223744K, 0% used [0x00000000db400000,0x00000000db400000,0x00000000e8e80000)
 ParOldGen       total 750592K, used 561760K [0x0000000084e00000, 0x00000000b2b00000, 0x00000000d6f80000)
  object space 750592K, 74% used [0x0000000084e00000,0x00000000a7298140,0x00000000b2b00000)
 Metaspace       used 12504K, capacity 12740K, committed 12928K, reserved 1060864K
  class space    used 1505K, capacity 1577K, committed 1664K, reserved 1048576K
}
Event: 31.655 GC heap before
{Heap before GC invocations=13 (full 4):
 PSYoungGen      total 245248K, used 245248K [0x00000000d6f80000, 0x00000000fa780000, 0x0000000100000000)
  eden space 70144K, 100% used [0x00000000d6f80000,0x00000000db400000,0x00000000db400000)
  from space 175104K, 100% used [0x00000000e8e80000,0x00000000f3980000,0x00000000f3980000)
  to   space 223744K, 0% used [0x00000000db400000,0x00000000db400000,0x00000000e8e80000)
 ParOldGen       total 750592K, used 561760K [0x0000000084e00000, 0x00000000b2b00000, 0x00000000d6f80000)
  object space 750592K, 74% used [0x0000000084e00000,0x00000000a7298140,0x00000000b2b00000)
 Metaspace       used 12504K, capacity 12740K, committed 12928K, reserved 1060864K
  class space    used 1505K, capacity 1577K, committed 1664K, reserved 1048576K
Event: 33.431 GC heap after
Heap after GC invocations=13 (full 4):
 PSYoungGen      total 293888K, used 223744K [0x00000000d6f80000, 0x00000000f7f00000, 0x0000000100000000)
  eden space 70144K, 0% used [0x00000000d6f80000,0x00000000d6f80000,0x00000000db400000)
  from space 223744K, 100% used [0x00000000db400000,0x00000000e8e80000,0x00000000e8e80000)
  to   space 223744K, 0% used [0x00000000ea480000,0x00000000ea480000,0x00000000f7f00000)
 ParOldGen       total 750592K, used 583400K [0x0000000084e00000, 0x00000000b2b00000, 0x00000000d6f80000)
  object space 750592K, 77% used [0x0000000084e00000,0x00000000a87ba140,0x00000000b2b00000)
 Metaspace       used 12504K, capacity 12740K, committed 12928K, reserved 1060864K
  class space    used 1505K, capacity 1577K, committed 1664K, reserved 1048576K
}
Event: 33.588 GC heap before
{Heap before GC invocations=14 (full 4):
 PSYoungGen      total 293888K, used 293888K [0x00000000d6f80000, 0x00000000f7f00000, 0x0000000100000000)
  eden space 70144K, 100% used [0x00000000d6f80000,0x00000000db400000,0x00000000db400000)
  from space 223744K, 100% used [0x00000000db400000,0x00000000e8e80000,0x00000000e8e80000)
  to   space 223744K, 0% used [0x00000000ea480000,0x00000000ea480000,0x00000000f7f00000)
 ParOldGen       total 750592K, used 583400K [0x0000000084e00000, 0x00000000b2b00000, 0x00000000d6f80000)
  object space 750592K, 77% used [0x0000000084e00000,0x00000000a87ba140,0x00000000b2b00000)
 Metaspace       used 12504K, capacity 12740K, committed 12928K, reserved 1060864K
  class space    used 1505K, capacity 1577K, committed 1664K, reserved 1048576K
Event: 36.171 GC heap after
Heap after GC invocations=14 (full 4):
 PSYoungGen      total 316416K, used 140480K [0x00000000d6f80000, 0x00000000f8380000, 0x0000000100000000)
  eden space 92672K, 0% used [0x00000000d6f80000,0x00000000d6f80000,0x00000000dca00000)
  from space 223744K, 62% used [0x00000000ea480000,0x00000000f2db0000,0x00000000f7f00000)
  to   space 223744K, 0% used [0x00000000dca00000,0x00000000dca00000,0x00000000ea480000)
 ParOldGen       total 750592K, used 737336K [0x0000000084e00000, 0x00000000b2b00000, 0x00000000d6f80000)
  object space 750592K, 98% used [0x0000000084e00000,0x00000000b1e0e140,0x00000000b2b00000)
 Metaspace       used 12504K, capacity 12740K, committed 12928K, reserved 1060864K
  class space    used 1505K, capacity 1577K, committed 1664K, reserved 1048576K
}
Event: 36.171 GC heap before
{Heap before GC invocations=15 (full 5):
 PSYoungGen      total 316416K, used 140480K [0x00000000d6f80000, 0x00000000f8380000, 0x0000000100000000)
  eden space 92672K, 0% used [0x00000000d6f80000,0x00000000d6f80000,0x00000000dca00000)
  from space 223744K, 62% used [0x00000000ea480000,0x00000000f2db0000,0x00000000f7f00000)
  to   space 223744K, 0% used [0x00000000dca00000,0x00000000dca00000,0x00000000ea480000)
 ParOldGen       total 750592K, used 737336K [0x0000000084e00000, 0x00000000b2b00000, 0x00000000d6f80000)
  object space 750592K, 98% used [0x0000000084e00000,0x00000000b1e0e140,0x00000000b2b00000)
 Metaspace       used 12504K, capacity 12740K, committed 12928K, reserved 1060864K
  class space    used 1505K, capacity 1577K, committed 1664K, reserved 1048576K

